<?xml version="1.0" encoding="UTF-8"?>
<!-- Generated by org.testng.reporters.JUnitReportReporter -->
<testsuite hostname="DESKTOP-NDCTRPC" failures="0" tests="1" name="test.SumValidation" time="1.553" errors="0" timestamp="2025-04-08T14:56:31 PDT" skipped="0">
  <testcase classname="test.SumValidation" name="sumOfCourses" time="1.553"/>
</testsuite> <!-- test.SumValidation -->
