<?xml version="1.0" encoding="UTF-8"?>
<!-- Generated by org.testng.reporters.JUnitReportReporter -->
<testsuite hostname="DESKTOP-NDCTRPC" failures="0" tests="3" name="files.DynamicJson" time="4.062" errors="0" timestamp="2025-04-08T16:10:39 PDT" skipped="0">
  <testcase classname="files.DynamicJson" name="addBook" time="2.771"/>
  <testcase classname="files.DynamicJson" name="addBook" time="0.688"/>
  <testcase classname="files.DynamicJson" name="addBook" time="0.603"/>
</testsuite> <!-- files.DynamicJson -->
